<?xml version="1.0" encoding="UTF-8" ?>
<testsuite tests="3" failures="2" name="com.demo.app.TestCalculator" time="0.017" errors="0" skipped="0">
  <properties>
[...]
</properties>
  <testcase classname="com.demo.app.TestCalculator" name="com.demo.app.TestCalculator.testAdd" time="0.014"/>
  <testcase classname="com.demo.app.TestCalculator" name="com.demo.app.TestCalculator.testSubtract" time="0.003">
    <failure message="expected: &lt;6&gt; but was: &lt;0&gt;" type="org.opentest4j.AssertionFailedError">org.opentest4j.AssertionFailedError: expected: &lt;6&gt; but was: &lt;0&gt;
	at org.junit.jupiter.api.AssertionFailureBuilder.build(AssertionFailureBuilder.java:151)
	at org.junit.jupiter.api.AssertionFailureBuilder.buildAndThrow(AssertionFailureBuilder.java:132)
	at org.junit.jupiter.api.AssertEquals.failNotEqual(AssertEquals.java:197)
	at org.junit.jupiter.api.AssertEquals.assertEquals(AssertEquals.java:150)
	at org.junit.jupiter.api.AssertEquals.assertEquals(AssertEquals.java:145)
	at org.junit.jupiter.api.Assertions.assertEquals(Assertions.java:527)
	at com.demo.app.TestCalculator.testSubtract(TestCalculator.java:27)
</failure>
  </testcase>
  <testcase classname="com.demo.app.TestCalculator" name="com.demo.app.TestCalculator.testMultiply" time="0">
    <failure message="expected: &lt;6&gt; but was: &lt;0&gt;" type="org.opentest4j.AssertionFailedError">org.opentest4j.AssertionFailedError: expected: &lt;6&gt; but was: &lt;0&gt;
	at org.junit.jupiter.api.AssertionFailureBuilder.build(AssertionFailureBuilder.java:151)
	at org.junit.jupiter.api.AssertionFailureBuilder.buildAndThrow(AssertionFailureBuilder.java:132)
	at org.junit.jupiter.api.AssertEquals.failNotEqual(AssertEquals.java:197)
	at org.junit.jupiter.api.AssertEquals.assertEquals(AssertEquals.java:150)
	at org.junit.jupiter.api.AssertEquals.assertEquals(AssertEquals.java:145)
	at org.junit.jupiter.api.Assertions.assertEquals(Assertions.java:527)
	at com.demo.app.TestCalculator.testMultiply(TestCalculator.java:33)
</failure>
  </testcase>
</testsuite>